{"logTime": "0602/190941", "correlationVector":"JD24j42FaM+JbvhzJDPg/6.1","action":"SyncServerConnectionManagerRequest", "result":"SYNC_SERVER_OK", "context":{"environment":"Prod_SoutheastAsia_000j", "migrationStage":"NotStarted", "server":"GENERAL0100001I"}}
{"logTime": "0602/190941", "correlationVector":"JD24j42FaM+JbvhzJDPg/6","action":"Initial GetUpdates", "result":"", "context":Reason: NEW_CLIENT. cV=JD24j42FaM+JbvhzJDPg/6}
{"logTime": "0602/190941", "correlationVector":"JD24j42FaM+JbvhzJDPg/6.2","action":"GetUpdates Response", "result":"Success", "context":Received 1 update(s). cV=JD24j42FaM+JbvhzJDPg/6.0;server=GENERAL0100001I;cloudType=Consumer;environment=Prod_SoutheastAsia_000j;migrationStage=NotStarted}
{"logTime": "0602/190945", "correlationVector":"W4rc9cMtrC+RT+OcAR1llh","action":"SyncServerConnectionManagerRequest", "result":"SYNC_SERVER_OK", "context":{"environment":"", "migrationStage":"", "server":""}}
{"logTime": "0602/190945", "correlationVector":"4s0lsXvtYSVxhIKCJ2k1Jh","action":"Initial GetUpdates", "result":"", "context":Reason: NEW_CLIENT. cV=4s0lsXvtYSVxhIKCJ2k1Jh}
{"logTime": "0602/190945", "correlationVector":"4s0lsXvtYSVxhIKCJ2k1Jh.1","action":"SyncServerConnectionManagerRequest", "result":"SYNC_SERVER_OK", "context":{"environment":"Prod_SoutheastAsia_000j", "migrationStage":"NotStarted", "server":"general0100000S"}}
{"logTime": "0602/190945", "correlationVector":"4s0lsXvtYSVxhIKCJ2k1Jh.2","action":"GetUpdates Response", "result":"Success", "context":Received 2 update(s). cV=4s0lsXvtYSVxhIKCJ2k1Jh.0;server=general0100000S;cloudType=Consumer;environment=Prod_SoutheastAsia_000j;migrationStage=NotStarted}
{"logTime": "0602/190945", "correlationVector":"ujRsyEKjGg/nNdYxIvJBsk","action":"Normal GetUpdate request", "result":"", "context":cV=ujRsyEKjGg/nNdYxIvJBsk
Nudged types: Device Info, User Consents
Refresh requested types: Device Info, User Consents, Send Tab To Self, Encryption Keys}
{"logTime": "0602/190945", "correlationVector":"ujRsyEKjGg/nNdYxIvJBsk.1","action":"SyncServerConnectionManagerRequest", "result":"SYNC_SERVER_OK", "context":{"environment":"Prod_SoutheastAsia_000j", "migrationStage":"NotStarted", "server":"GENERAL0300000L"}}
{"logTime": "0602/190945", "correlationVector":"ujRsyEKjGg/nNdYxIvJBsk.2","action":"GetUpdates Response", "result":"Success", "context":Received 0 update(s). cV=ujRsyEKjGg/nNdYxIvJBsk.0;server=GENERAL0300000L;cloudType=Consumer;environment=Prod_SoutheastAsia_000j;migrationStage=NotStarted}
{"logTime": "0602/190945", "correlationVector":"+yjhoa1QbQmR9AK7k9GN2O","action":"Commit Request", "result":"", "context":Item count: 2
Contributing types: Device Info, User Consents}
{"logTime": "0602/190946", "correlationVector":"+yjhoa1QbQmR9AK7k9GN2O.1","action":"SyncServerConnectionManagerRequest", "result":"SYNC_SERVER_OK", "context":{"environment":"Prod_SoutheastAsia_000j", "migrationStage":"NotStarted", "server":"GENERAL03000018"}}
{"logTime": "0602/190946", "correlationVector":"+yjhoa1QbQmR9AK7k9GN2O.2","action":"Commit Response", "result":"Success", "context":Result: Success. cV=+yjhoa1QbQmR9AK7k9GN2O.0;server=GENERAL03000018;cloudType=Consumer;environment=Prod_SoutheastAsia_000j;migrationStage=NotStarted}
{"logTime": "0602/190946", "correlationVector":"ZvafBUFRMUFY1PRTEEOGJT","action":"Normal GetUpdate request", "result":"", "context":cV=ZvafBUFRMUFY1PRTEEOGJT
Nudged types: Device Info}
{"logTime": "0602/190946", "correlationVector":"ZvafBUFRMUFY1PRTEEOGJT.1","action":"SyncServerConnectionManagerRequest", "result":"SYNC_SERVER_OK", "context":{"environment":"Prod_SoutheastAsia_000j", "migrationStage":"NotStarted", "server":"GENERAL0300000Z"}}
{"logTime": "0602/190946", "correlationVector":"ZvafBUFRMUFY1PRTEEOGJT.2","action":"GetUpdates Response", "result":"Success", "context":Received 1 update(s). cV=ZvafBUFRMUFY1PRTEEOGJT.0;server=GENERAL0300000Z;cloudType=Consumer;environment=Prod_SoutheastAsia_000j;migrationStage=NotStarted}
{"logTime": "0602/191105", "correlationVector":"4dsi7BvfIyhnfQHKoqTySn.1","action":"SyncServerConnectionManagerRequest", "result":"SYNC_SERVER_OK", "context":{"environment":"Prod_SoutheastAsia_000j", "migrationStage":"NotStarted", "server":"general0300003C"}}
{"logTime": "0602/191105", "correlationVector":"4dsi7BvfIyhnfQHKoqTySn","action":"Initial GetUpdates", "result":"", "context":Reason: NEW_CLIENT. cV=4dsi7BvfIyhnfQHKoqTySn}
{"logTime": "0602/191105", "correlationVector":"4dsi7BvfIyhnfQHKoqTySn.2","action":"GetUpdates Response", "result":"Success", "context":Received 1 update(s). cV=4dsi7BvfIyhnfQHKoqTySn.0;server=general0300003C;cloudType=Consumer;environment=Prod_SoutheastAsia_000j;migrationStage=NotStarted}
{"logTime": "0602/191105", "correlationVector":"BvQ+c7RmJ2RbeJWaSWr8q5","action":"Normal GetUpdate request", "result":"", "context":cV=BvQ+c7RmJ2RbeJWaSWr8q5
Refresh requested types: Device Info, User Consents, Send Tab To Self, Encryption Keys}
{"logTime": "0602/191105", "correlationVector":"BvQ+c7RmJ2RbeJWaSWr8q5.1","action":"SyncServerConnectionManagerRequest", "result":"SYNC_SERVER_OK", "context":{"environment":"Prod_SoutheastAsia_000j", "migrationStage":"NotStarted", "server":"GENERAL0300002G"}}
{"logTime": "0602/191105", "correlationVector":"BvQ+c7RmJ2RbeJWaSWr8q5.2","action":"GetUpdates Response", "result":"Success", "context":Received 0 update(s). cV=BvQ+c7RmJ2RbeJWaSWr8q5.0;server=GENERAL0300002G;cloudType=Consumer;environment=Prod_SoutheastAsia_000j;migrationStage=NotStarted}
{"logTime": "0602/191555", "correlationVector":"sCA7ZcMllEvHJ6q8ddslU+","action":"SyncServerConnectionManagerRequest", "result":"SYNC_SERVER_ERROR", "context":{"environment":"", "error_type":"http_status_code", "error_value":"400", "migrationStage":"", "server":""}}
{"logTime": "0602/191555", "correlationVector":"ge/+Cq/MUcNYhlyYA3EmTT","action":"Normal GetUpdate request", "result":"", "context":cV=ge/+Cq/MUcNYhlyYA3EmTT
Refresh requested types: Device Info, User Consents, Send Tab To Self, Encryption Keys}
{"logTime": "0602/191555", "correlationVector":"ge/+Cq/MUcNYhlyYA3EmTT.1","action":"SyncServerConnectionManagerRequest", "result":"SYNC_SERVER_OK", "context":{"environment":"Prod_SoutheastAsia_000j", "migrationStage":"NotStarted", "server":"GENERAL01000019"}}
{"logTime": "0602/191555", "correlationVector":"ge/+Cq/MUcNYhlyYA3EmTT.2","action":"GetUpdates Response", "result":"Success", "context":Received 0 update(s). cV=ge/+Cq/MUcNYhlyYA3EmTT.0;server=GENERAL01000019;cloudType=Consumer;environment=Prod_SoutheastAsia_000j;migrationStage=NotStarted}
{"logTime": "0602/191958", "correlationVector":"gjnkr4HJSd6w+Ey6EV0MdE.1","action":"SyncServerConnectionManagerRequest", "result":"SYNC_SERVER_OK", "context":{"environment":"Prod_SoutheastAsia_000j", "migrationStage":"NotStarted", "server":"GENERAL0100000O"}}
{"logTime": "0602/191958", "correlationVector":"gjnkr4HJSd6w+Ey6EV0MdE","action":"Initial GetUpdates", "result":"", "context":Reason: NEW_CLIENT. cV=gjnkr4HJSd6w+Ey6EV0MdE}
{"logTime": "0602/191958", "correlationVector":"gjnkr4HJSd6w+Ey6EV0MdE.2","action":"GetUpdates Response", "result":"Success", "context":Received 1 update(s). cV=gjnkr4HJSd6w+Ey6EV0MdE.0;server=GENERAL0100000O;cloudType=Consumer;environment=Prod_SoutheastAsia_000j;migrationStage=NotStarted}
{"logTime": "0602/191958", "correlationVector":"5bwPc4oW5er7d2Ba9rPgHO","action":"Normal GetUpdate request", "result":"", "context":cV=5bwPc4oW5er7d2Ba9rPgHO
Refresh requested types: Device Info, User Consents, Send Tab To Self, Encryption Keys}
{"logTime": "0602/191958", "correlationVector":"5bwPc4oW5er7d2Ba9rPgHO.1","action":"SyncServerConnectionManagerRequest", "result":"SYNC_SERVER_OK", "context":{"environment":"Prod_SoutheastAsia_000j", "migrationStage":"NotStarted", "server":"GENERAL0300000M"}}
{"logTime": "0602/191958", "correlationVector":"5bwPc4oW5er7d2Ba9rPgHO.2","action":"GetUpdates Response", "result":"Success", "context":Received 0 update(s). cV=5bwPc4oW5er7d2Ba9rPgHO.0;server=GENERAL0300000M;cloudType=Consumer;environment=Prod_SoutheastAsia_000j;migrationStage=NotStarted}
{"logTime": "0602/192505", "correlationVector":"8tgmz1hPzIyKwtUzrccxuF","action":"SyncServerConnectionManagerRequest", "result":"SYNC_SERVER_ERROR", "context":{"environment":"", "error_type":"http_status_code", "error_value":"400", "migrationStage":"", "server":""}}
{"logTime": "0602/192505", "correlationVector":"/GEtYnqdWxjy36NdqunAUX","action":"Normal GetUpdate request", "result":"", "context":cV=/GEtYnqdWxjy36NdqunAUX
Refresh requested types: Device Info, User Consents, Send Tab To Self, Encryption Keys}
{"logTime": "0602/192511", "correlationVector":"/GEtYnqdWxjy36NdqunAUX.1","action":"SyncServerConnectionManagerRequest", "result":"SYNC_SERVER_OK", "context":{"environment":"Prod_SoutheastAsia_000j", "migrationStage":"NotStarted", "server":"GENERAL0100001H"}}
{"logTime": "0602/192511", "correlationVector":"/GEtYnqdWxjy36NdqunAUX.2","action":"GetUpdates Response", "result":"Success", "context":Received 0 update(s). cV=/GEtYnqdWxjy36NdqunAUX.0;server=GENERAL0100001H;cloudType=Consumer;environment=Prod_SoutheastAsia_000j;migrationStage=NotStarted}
{"logTime": "0602/194221", "correlationVector":"OgWMSTxUFw9QXJJmXlcVCt.1","action":"SyncServerConnectionManagerRequest", "result":"SYNC_SERVER_OK", "context":{"environment":"Prod_SoutheastAsia_000j", "migrationStage":"NotStarted", "server":"GENERAL0100000T"}}
{"logTime": "0602/194221", "correlationVector":"OgWMSTxUFw9QXJJmXlcVCt","action":"Initial GetUpdates", "result":"", "context":Reason: NEW_CLIENT. cV=OgWMSTxUFw9QXJJmXlcVCt}
{"logTime": "0602/194221", "correlationVector":"OgWMSTxUFw9QXJJmXlcVCt.2","action":"GetUpdates Response", "result":"Success", "context":Received 1 update(s). cV=OgWMSTxUFw9QXJJmXlcVCt.0;server=GENERAL0100000T;cloudType=Consumer;environment=Prod_SoutheastAsia_000j;migrationStage=NotStarted}
{"logTime": "0602/194221", "correlationVector":"T24EDnSlx4YrSUzWKoWdET","action":"Normal GetUpdate request", "result":"", "context":cV=T24EDnSlx4YrSUzWKoWdET
Refresh requested types: Device Info, User Consents, Send Tab To Self, Encryption Keys}
{"logTime": "0602/194221", "correlationVector":"T24EDnSlx4YrSUzWKoWdET.1","action":"SyncServerConnectionManagerRequest", "result":"SYNC_SERVER_OK", "context":{"environment":"Prod_SoutheastAsia_000j", "migrationStage":"NotStarted", "server":"GENERAL0300002E"}}
{"logTime": "0602/194221", "correlationVector":"T24EDnSlx4YrSUzWKoWdET.2","action":"GetUpdates Response", "result":"Success", "context":Received 0 update(s). cV=T24EDnSlx4YrSUzWKoWdET.0;server=GENERAL0300002E;cloudType=Consumer;environment=Prod_SoutheastAsia_000j;migrationStage=NotStarted}
{"logTime": "0602/194712", "correlationVector":"5VvLaSEoIyRF8BojcwbZO2","action":"SyncServerConnectionManagerRequest", "result":"SYNC_SERVER_ERROR", "context":{"environment":"", "error_type":"http_status_code", "error_value":"400", "migrationStage":"", "server":""}}
{"logTime": "0602/194712", "correlationVector":"WYrqatKUP1Dy46nXQwCQwm","action":"Normal GetUpdate request", "result":"", "context":cV=WYrqatKUP1Dy46nXQwCQwm
Refresh requested types: Device Info, User Consents, Send Tab To Self, Encryption Keys}
{"logTime": "0602/194712", "correlationVector":"WYrqatKUP1Dy46nXQwCQwm.1","action":"SyncServerConnectionManagerRequest", "result":"SYNC_SERVER_OK", "context":{"environment":"Prod_SoutheastAsia_000j", "migrationStage":"NotStarted", "server":"GENERAL03000017"}}
{"logTime": "0602/194712", "correlationVector":"WYrqatKUP1Dy46nXQwCQwm.2","action":"GetUpdates Response", "result":"Success", "context":Received 0 update(s). cV=WYrqatKUP1Dy46nXQwCQwm.0;server=GENERAL03000017;cloudType=Consumer;environment=Prod_SoutheastAsia_000j;migrationStage=NotStarted}
{"logTime": "0602/211613", "correlationVector":"LBJMqwhpDAbsKK64hqHbyx.1","action":"SyncServerConnectionManagerRequest", "result":"SYNC_SERVER_OK", "context":{"environment":"Prod_SoutheastAsia_000j", "migrationStage":"NotStarted", "server":"GENERAL01000005"}}
{"logTime": "0602/211613", "correlationVector":"LBJMqwhpDAbsKK64hqHbyx","action":"Initial GetUpdates", "result":"", "context":Reason: NEW_CLIENT. cV=LBJMqwhpDAbsKK64hqHbyx}
{"logTime": "0602/211613", "correlationVector":"LBJMqwhpDAbsKK64hqHbyx.2","action":"GetUpdates Response", "result":"Success", "context":Received 1 update(s). cV=LBJMqwhpDAbsKK64hqHbyx.0;server=GENERAL01000005;cloudType=Consumer;environment=Prod_SoutheastAsia_000j;migrationStage=NotStarted}
{"logTime": "0602/211613", "correlationVector":"LnXeu/wDJmverWpQO6eSx2","action":"Normal GetUpdate request", "result":"", "context":cV=LnXeu/wDJmverWpQO6eSx2
Refresh requested types: Device Info, User Consents, Send Tab To Self, Encryption Keys}
{"logTime": "0602/211614", "correlationVector":"LnXeu/wDJmverWpQO6eSx2.1","action":"SyncServerConnectionManagerRequest", "result":"SYNC_SERVER_OK", "context":{"environment":"Prod_SoutheastAsia_000j", "migrationStage":"NotStarted", "server":"general01000013"}}
{"logTime": "0602/211614", "correlationVector":"LnXeu/wDJmverWpQO6eSx2.2","action":"GetUpdates Response", "result":"Success", "context":Received 0 update(s). cV=LnXeu/wDJmverWpQO6eSx2.0;server=general01000013;cloudType=Consumer;environment=Prod_SoutheastAsia_000j;migrationStage=NotStarted}
{"logTime": "0602/212109", "correlationVector":"qMGlduUKDA2vVkKocLf+MU","action":"SyncServerConnectionManagerRequest", "result":"SYNC_SERVER_ERROR", "context":{"environment":"", "error_type":"http_status_code", "error_value":"400", "migrationStage":"", "server":""}}
{"logTime": "0602/212109", "correlationVector":"exAxES2KWe/PbiGF2bddeh","action":"Normal GetUpdate request", "result":"", "context":cV=exAxES2KWe/PbiGF2bddeh
Refresh requested types: Device Info, User Consents, Send Tab To Self, Encryption Keys}
{"logTime": "0602/212109", "correlationVector":"exAxES2KWe/PbiGF2bddeh.1","action":"SyncServerConnectionManagerRequest", "result":"SYNC_SERVER_OK", "context":{"environment":"Prod_SoutheastAsia_000j", "migrationStage":"NotStarted", "server":"GENERAL0300000Z"}}
{"logTime": "0602/212109", "correlationVector":"exAxES2KWe/PbiGF2bddeh.2","action":"GetUpdates Response", "result":"Success", "context":Received 0 update(s). cV=exAxES2KWe/PbiGF2bddeh.0;server=GENERAL0300000Z;cloudType=Consumer;environment=Prod_SoutheastAsia_000j;migrationStage=NotStarted}
